Gtk-Message: 16:41:39.055: Failed to load module "colorreload-gtk-module"
Gtk-Message: 16:41:39.055: Failed to load module "window-decorations-gtk-module"
/usr/bin/clipster:712: PyGIDeprecationWarning: GObject.io_add_watch is deprecated; use GLib.io_add_watch instead
  GObject.io_add_watch(self.sock, GObject.IO_IN,
/usr/bin/clipster:712: PyGIDeprecationWarning: GObject.IO_IN is deprecated; use GLib.IO_IN instead
  GObject.io_add_watch(self.sock, GObject.IO_IN,
/usr/bin/clipster:724: PyGIDeprecationWarning: GObject.timeout_add_seconds is deprecated; use GLib.timeout_add_seconds instead
  GObject.timeout_add_seconds(history_timeout,
/usr/bin/clipster:491: DeprecationWarning: Gdk.Display.get_pointer is deprecated
  while Gdk.ModifierType.BUTTON1_MASK & display.get_pointer().mask:
/usr/bin/clipster:520: PyGIDeprecationWarning: GObject.io_add_watch is deprecated; use GLib.io_add_watch instead
  GObject.io_add_watch(conn, GObject.IO_IN,
/usr/bin/clipster:520: PyGIDeprecationWarning: GObject.IO_IN is deprecated; use GLib.IO_IN instead
  GObject.io_add_watch(conn, GObject.IO_IN,
/usr/bin/clipster:290: PyGTKDeprecationWarning: Using positional arguments with the GObject constructor has been deprecated. Please specify keyword(s) for "model" or use a class specific constructor. See: https://wiki.gnome.org/PyGObject/InitializerDeprecations
  tree = Gtk.TreeView(model)
/usr/bin/clipster:311: DeprecationWarning: Gtk.TreeView.set_rules_hint is deprecated
  tree.set_rules_hint(True)
Gtk-Message: 16:48:13.566: Failed to load module "colorreload-gtk-module"
Gtk-Message: 16:48:13.566: Failed to load module "window-decorations-gtk-module"
/usr/bin/clipster:712: PyGIDeprecationWarning: GObject.io_add_watch is deprecated; use GLib.io_add_watch instead
  GObject.io_add_watch(self.sock, GObject.IO_IN,
/usr/bin/clipster:712: PyGIDeprecationWarning: GObject.IO_IN is deprecated; use GLib.IO_IN instead
  GObject.io_add_watch(self.sock, GObject.IO_IN,
/usr/bin/clipster:724: PyGIDeprecationWarning: GObject.timeout_add_seconds is deprecated; use GLib.timeout_add_seconds instead
  GObject.timeout_add_seconds(history_timeout,
/usr/bin/clipster:491: DeprecationWarning: Gdk.Display.get_pointer is deprecated
  while Gdk.ModifierType.BUTTON1_MASK & display.get_pointer().mask:
/usr/bin/clipster:520: PyGIDeprecationWarning: GObject.io_add_watch is deprecated; use GLib.io_add_watch instead
  GObject.io_add_watch(conn, GObject.IO_IN,
/usr/bin/clipster:520: PyGIDeprecationWarning: GObject.IO_IN is deprecated; use GLib.IO_IN instead
  GObject.io_add_watch(conn, GObject.IO_IN,
/usr/bin/clipster:290: PyGTKDeprecationWarning: Using positional arguments with the GObject constructor has been deprecated. Please specify keyword(s) for "model" or use a class specific constructor. See: https://wiki.gnome.org/PyGObject/InitializerDeprecations
  tree = Gtk.TreeView(model)
/usr/bin/clipster:311: DeprecationWarning: Gtk.TreeView.set_rules_hint is deprecated
  tree.set_rules_hint(True)
